<?xml version="1.0" encoding="UTF-8"?>
<!-- Generated by org.testng.reporters.JUnitReportReporter -->
<testsuite hostname="MT-5CD12777KZ" failures="0" tests="1" name="com.mindtree.runner.ValidationContantUs" time="21.863" errors="0" timestamp="2021-11-18T02:09:37 IST" skipped="0">
  <testcase classname="com.mindtree.runner.ValidationContantUs" name="validatingContactus" time="21.863"/>
  <system-out/>
</testsuite> <!-- com.mindtree.runner.ValidationContantUs -->
