<?xml version="1.0" encoding="UTF-8"?>
<!-- Generated by org.testng.reporters.JUnitReportReporter -->
<testsuite hostname="MT-5CD12777KZ" failures="0" tests="1" name="com.mindtree.runner.validationAllofItPage" time="21.305" errors="0" timestamp="2021-11-22T15:48:24 IST" skipped="0">
  <testcase classname="com.mindtree.runner.validationAllofItPage" name="validatingPageNavigation" time="21.305"/>
  <system-out/>
</testsuite> <!-- com.mindtree.runner.validationAllofItPage -->
