<?xml version="1.0" encoding="UTF-8"?>
<!-- Generated by org.testng.reporters.JUnitReportReporter -->
<testsuite hostname="MT-5CD12777KZ" failures="0" tests="1" name="com.mindtree.runner.AddingProductToCart" time="29.588" errors="0" timestamp="2021-11-22T15:48:24 IST" skipped="0">
  <testcase classname="com.mindtree.runner.AddingProductToCart" name="validatingCart" time="29.588"/>
  <system-out/>
</testsuite> <!-- com.mindtree.runner.AddingProductToCart -->
